[debug] [2021-04-01T11:15:07.622Z] ----------------------------------------------------------------------
[debug] [2021-04-01T11:15:07.627Z] Command:       C:\Program Files\nodejs\node.exe C:\Users\Manhbui\AppData\Roaming\npm\node_modules\firebase-tools\lib\bin\firebase.js init
[debug] [2021-04-01T11:15:07.627Z] CLI Version:   9.8.0
[debug] [2021-04-01T11:15:07.628Z] Platform:      win32
[debug] [2021-04-01T11:15:07.628Z] Node Version:  v15.0.1
[debug] [2021-04-01T11:15:07.629Z] Time:          Thu Apr 01 2021 18:15:07 GMT+0700 (Indochina Time)
[debug] [2021-04-01T11:15:07.630Z] ----------------------------------------------------------------------
[debug] 
[debug] [2021-04-01T11:15:07.646Z] > command requires scopes: ["email","openid","https://www.googleapis.com/auth/cloudplatformprojects.readonly","https://www.googleapis.com/auth/firebase","https://www.googleapis.com/auth/cloud-platform"]
[debug] [2021-04-01T11:15:07.647Z] > authorizing via signed-in user
[info] 
     ######## #### ########  ######## ########     ###     ######  ########
     ##        ##  ##     ## ##       ##     ##  ##   ##  ##       ##
     ######    ##  ########  ######   ########  #########  ######  ######
     ##        ##  ##    ##  ##       ##     ## ##     ##       ## ##
     ##       #### ##     ## ######## ########  ##     ##  ######  ########

You're about to initialize a Firebase project in this directory:

  C:\Users\Manhbui\Desktop\Demo\Client

[info] 
=== Project Setup
[info] 
[info] First, let's associate this project directory with a Firebase project.
[info] You can create multiple project aliases by running firebase use --add, 
[info] but for now we'll just set up a default project.
[info] 
[info] i  If you want to create a project in a Google Cloud organization or folder, please use "firebase projects:create" instead, and return to this command when you've created the project. 
[debug] [2021-04-01T11:16:27.687Z] > refreshing access token with scopes: ["email","https://www.googleapis.com/auth/cloud-platform","https://www.googleapis.com/auth/cloudplatformprojects.readonly","https://www.googleapis.com/auth/firebase","openid"]
[debug] [2021-04-01T11:16:27.688Z] >>> HTTP REQUEST POST https://www.googleapis.com/oauth2/v3/token  
 <request body omitted>
[debug] [2021-04-01T11:16:28.001Z] <<< HTTP RESPONSE 200 {"date":"Thu, 01 Apr 2021 11:16:27 GMT","cache-control":"no-cache, no-store, max-age=0, must-revalidate","pragma":"no-cache","expires":"Mon, 01 Jan 1990 00:00:00 GMT","content-type":"application/json; charset=utf-8","vary":"X-Origin, Referer, Origin,Accept-Encoding","server":"scaffolding on HTTPServer2","x-xss-protection":"0","x-frame-options":"SAMEORIGIN","x-content-type-options":"nosniff","alt-svc":"h3-29=\":443\"; ma=2592000,h3-T051=\":443\"; ma=2592000,h3-Q050=\":443\"; ma=2592000,h3-Q046=\":443\"; ma=2592000,h3-Q043=\":443\"; ma=2592000,quic=\":443\"; ma=2592000; v=\"46,43\"","accept-ranges":"none","transfer-encoding":"chunked"}
[debug] [2021-04-01T11:16:28.016Z] >>> HTTP REQUEST POST https://cloudresourcemanager.googleapis.com/v1/projects  
 {"projectId":"mb1o4er-client","name":"test-client"}
[debug] [2021-04-01T11:16:28.819Z] <<< HTTP RESPONSE 200 {"content-type":"application/json; charset=UTF-8","vary":"X-Origin, Referer, Origin,Accept-Encoding","date":"Thu, 01 Apr 2021 11:16:28 GMT","server":"ESF","cache-control":"private","x-xss-protection":"0","x-frame-options":"SAMEORIGIN","x-content-type-options":"nosniff","server-timing":"gfet4t7; dur=524","alt-svc":"h3-29=\":443\"; ma=2592000,h3-T051=\":443\"; ma=2592000,h3-Q050=\":443\"; ma=2592000,h3-Q046=\":443\"; ma=2592000,h3-Q043=\":443\"; ma=2592000,quic=\":443\"; ma=2592000; v=\"46,43\"","accept-ranges":"none","transfer-encoding":"chunked"}
[debug] [2021-04-01T11:16:28.822Z] > refreshing access token with scopes: []
[debug] [2021-04-01T11:16:28.823Z] >>> HTTP REQUEST POST https://www.googleapis.com/oauth2/v3/token  
 <request body omitted>
[debug] [2021-04-01T11:16:29.009Z] <<< HTTP RESPONSE 200 {"expires":"Mon, 01 Jan 1990 00:00:00 GMT","date":"Thu, 01 Apr 2021 11:16:28 GMT","pragma":"no-cache","cache-control":"no-cache, no-store, max-age=0, must-revalidate","content-type":"application/json; charset=utf-8","vary":"X-Origin, Referer, Origin,Accept-Encoding","server":"scaffolding on HTTPServer2","x-xss-protection":"0","x-frame-options":"SAMEORIGIN","x-content-type-options":"nosniff","alt-svc":"h3-29=\":443\"; ma=2592000,h3-T051=\":443\"; ma=2592000,h3-Q050=\":443\"; ma=2592000,h3-Q046=\":443\"; ma=2592000,h3-Q043=\":443\"; ma=2592000,quic=\":443\"; ma=2592000; v=\"46,43\"","accept-ranges":"none","transfer-encoding":"chunked"}
[debug] [2021-04-01T11:16:29.063Z] >>> [apiv2][query] GET https://cloudresourcemanager.googleapis.com/v1/operations/cp.4890765239112124673 [none]
[debug] [2021-04-01T11:16:30.288Z] <<< [apiv2][status] GET https://cloudresourcemanager.googleapis.com/v1/operations/cp.4890765239112124673 200
[debug] [2021-04-01T11:16:30.288Z] <<< [apiv2][body] GET https://cloudresourcemanager.googleapis.com/v1/operations/cp.4890765239112124673 {"name":"operations/cp.4890765239112124673","metadata":{"@type":"type.googleapis.com/google.cloudresourcemanager.v1.ProjectCreationStatus","ready":true},"done":true,"error":{"code":9,"message":"Callers must accept Terms of Service","details":[{"@type":"type.googleapis.com/google.rpc.PreconditionFailure","violations":[{"type":"TOS","subject":"cloud","description":"Callers must accept Terms of Service"}]}]}}
[debug] [2021-04-01T11:16:30.490Z] FirebaseError: Callers must accept Terms of Service
    at OperationPoller.poll (C:\Users\Manhbui\AppData\Roaming\npm\node_modules\firebase-tools\lib\operation-poller.js:23:19)
    at processTicksAndRejections (node:internal/process/task_queues:93:5)
    at async createCloudProject (C:\Users\Manhbui\AppData\Roaming\npm\node_modules\firebase-tools\lib\management\projects.js:180:29)
    at async Object.createFirebaseProjectAndLog (C:\Users\Manhbui\AppData\Roaming\npm\node_modules\firebase-tools\lib\management\projects.js:46:9)
    at async promptAndCreateNewProject (C:\Users\Manhbui\AppData\Roaming\npm\node_modules\firebase-tools\lib\init\features\project.js:32:12)
    at async Object.doSetup [as project] (C:\Users\Manhbui\AppData\Roaming\npm\node_modules\firebase-tools\lib\init\features\project.js:87:27)
    at async init (C:\Users\Manhbui\AppData\Roaming\npm\node_modules\firebase-tools\lib\init\index.js:19:9)
[error] 
[error] Error: Failed to create project. See firebase-debug.log for more info.
